Removed Member From Class: ClassName=Sheet_1_Main_bord Member=BZ1
Added Component: Designator=C9(CAP SMD 1000UF 16V)
Add component (AddParameter): Name = "Data"; Value = "16-12-2016"; VariantName = "[No Variations]"
Add component (AddParameter): Name = "Designer"; Value = "Abbas Basereh"; VariantName = "[No Variations]"
Add component (AddParameter): Name = "Link"; Value = ""; VariantName = "[No Variations]"
Add component (AddParameter): Name = "Manufacturer"; Value = ""; VariantName = "[No Variations]"
Add component (AddParameter): Name = "Part. No"; Value = ""; VariantName = "[No Variations]"
Add component (AddParameter): Name = "VALUE"; Value = "220uF-50V"; VariantName = "[No Variations]"
Added Component: Designator=C11(CAP SMD 1000UF 16V)
Add component (AddParameter): Name = "Data"; Value = "16-12-2016"; VariantName = "[No Variations]"
Add component (AddParameter): Name = "Designer"; Value = "Abbas Basereh"; VariantName = "[No Variations]"
Add component (AddParameter): Name = "Link"; Value = ""; VariantName = "[No Variations]"
Add component (AddParameter): Name = "Manufacturer"; Value = ""; VariantName = "[No Variations]"
Add component (AddParameter): Name = "Part. No"; Value = ""; VariantName = "[No Variations]"
Add component (AddParameter): Name = "VALUE"; Value = "220uF-50V"; VariantName = "[No Variations]"
Added Component: Designator=SP1(BUZZER 7.62mm DC)
Add component (AddParameter): Name = "Category"; Value = ""; VariantName = "[No Variations]"
Add component (AddParameter): Name = "Comment_1"; Value = "SPEAKER AND BEEP"; VariantName = "[No Variations]"
Add component (AddParameter): Name = "ComponentLink1Description"; Value = ""; VariantName = "[No Variations]"
Add component (AddParameter): Name = "ComponentLink1URL"; Value = ""; VariantName = "[No Variations]"
Add component (AddParameter): Name = "ComponentLink2Description"; Value = "Reference"; VariantName = "[No Variations]"
Add component (AddParameter): Name = "ComponentLink2URL"; Value = ""; VariantName = "[No Variations]"
Add component (AddParameter): Name = "Design Date"; Value = "1395/11/14"; VariantName = "[No Variations]"
Add component (AddParameter): Name = "Designer"; Value = "Abbas Basereh"; VariantName = "[No Variations]"
Add component (AddParameter): Name = "HelpURL"; Value = ""; VariantName = "[No Variations]"
Add component (AddParameter): Name = "Mounting Technology"; Value = "THD"; VariantName = "[No Variations]"
Add component (AddParameter): Name = "PackageDescription"; Value = "THD"; VariantName = "[No Variations]"
Add component (AddParameter): Name = "Pin Count"; Value = "2"; VariantName = "[No Variations]"
Add component (AddParameter): Name = "Publisher"; Value = "Abbas Basereh"; VariantName = "[No Variations]"
Add component (AddParameter): Name = "Status"; Value = "Unreleased"; VariantName = "[No Variations]"
Add component (AddParameter): Name = "VALUE"; Value = ""; VariantName = "[No Variations]"
Added Pin To Net: NetName=5V Pin=C9-1
Added Pin To Net: NetName=GND_S1 Pin=C9-2
Added Pin To Net: NetName=3.3V Pin=C11-1
Added Pin To Net: NetName=GND_S1 Pin=C11-2
Added Pin To Net: NetName=NetQ3_C Pin=Q3-C
Added Pin To Net: NetName=NetQ3_C Pin=SP1-2
Added Net: Name=NetQ3_C
Added Pin To Net: NetName=NetR7_2 Pin=R7-2
Added Pin To Net: NetName=NetR7_2 Pin=SP1-1
Added Net: Name=NetR7_2
Added Member To Class: ClassName=Sheet_1_Main_bord Member=Component C9 220uF-50V
Added Member To Class: ClassName=Sheet_1_Main_bord Member=Component C11 220uF-50V
Added Member To Class: ClassName=Sheet_1_Main_bord Member=Component SP1
