Change Component Designator: OldDesignator=C23_Designator1 NewDesignator=C23_Designator_1
Change Component Designator: OldDesignator=C23_Designator2 NewDesignator=C23_Designator_6
Change Component Designator: OldDesignator=C23_Designator3 NewDesignator=C23_Designator_5
Change Component Designator: OldDesignator=C23_Designator4 NewDesignator=C23_Designator_8
Change Component Designator: OldDesignator=C23_Designator5 NewDesignator=C23_Designator_4
Change Component Designator: OldDesignator=C23_Designator6 NewDesignator=C23_Designator_7
Change Component Designator: OldDesignator=C23_Designator7 NewDesignator=C23_Designator_3
Change Component Designator: OldDesignator=C23_Designator8 NewDesignator=C23_Designator_2
Change Component Designator: OldDesignator=C24_Designator1 NewDesignator=C24_Designator_1
Change Component Designator: OldDesignator=C24_Designator2 NewDesignator=C24_Designator_6
Change Component Designator: OldDesignator=C24_Designator3 NewDesignator=C24_Designator_5
Change Component Designator: OldDesignator=C24_Designator4 NewDesignator=C24_Designator_8
Change Component Designator: OldDesignator=C24_Designator5 NewDesignator=C24_Designator_4
Change Component Designator: OldDesignator=C24_Designator6 NewDesignator=C24_Designator_7
Change Component Designator: OldDesignator=C24_Designator7 NewDesignator=C24_Designator_3
Change Component Designator: OldDesignator=C24_Designator8 NewDesignator=C24_Designator_2
Change Component Designator: OldDesignator=LED5_Designator1 NewDesignator=LED5_Designator_1
Change Component Designator: OldDesignator=LED5_Designator2 NewDesignator=LED5_Designator_6
Change Component Designator: OldDesignator=LED5_Designator3 NewDesignator=LED5_Designator_5
Change Component Designator: OldDesignator=LED5_Designator4 NewDesignator=LED5_Designator_8
Change Component Designator: OldDesignator=LED5_Designator5 NewDesignator=LED5_Designator_4
Change Component Designator: OldDesignator=LED5_Designator6 NewDesignator=LED5_Designator_7
Change Component Designator: OldDesignator=LED5_Designator7 NewDesignator=LED5_Designator_3
Change Component Designator: OldDesignator=LED5_Designator8 NewDesignator=LED5_Designator_2
Change Component Designator: OldDesignator=P4_Designator1 NewDesignator=P4_Designator_1
Change Component Designator: OldDesignator=P4_Designator2 NewDesignator=P4_Designator_6
Change Component Designator: OldDesignator=P4_Designator3 NewDesignator=P4_Designator_5
Change Component Designator: OldDesignator=P4_Designator4 NewDesignator=P4_Designator_8
Change Component Designator: OldDesignator=P4_Designator5 NewDesignator=P4_Designator_4
Change Component Designator: OldDesignator=P4_Designator6 NewDesignator=P4_Designator_7
Change Component Designator: OldDesignator=P4_Designator7 NewDesignator=P4_Designator_3
Change Component Designator: OldDesignator=P4_Designator8 NewDesignator=P4_Designator_2
Change Component Designator: OldDesignator=Q8_Designator1 NewDesignator=Q8_Designator_1
Change Component Designator: OldDesignator=Q8_Designator2 NewDesignator=Q8_Designator_6
Change Component Designator: OldDesignator=Q8_Designator3 NewDesignator=Q8_Designator_5
Change Component Designator: OldDesignator=Q8_Designator4 NewDesignator=Q8_Designator_8
Change Component Designator: OldDesignator=Q8_Designator5 NewDesignator=Q8_Designator_4
Change Component Designator: OldDesignator=Q8_Designator6 NewDesignator=Q8_Designator_7
Change Component Designator: OldDesignator=Q8_Designator7 NewDesignator=Q8_Designator_3
Change Component Designator: OldDesignator=Q8_Designator8 NewDesignator=Q8_Designator_2
Change Component Designator: OldDesignator=R48_Designator1 NewDesignator=R48_Designator_1
Change Component Designator: OldDesignator=R48_Designator2 NewDesignator=R48_Designator_6
Change Component Designator: OldDesignator=R48_Designator3 NewDesignator=R48_Designator_5
Change Component Designator: OldDesignator=R48_Designator4 NewDesignator=R48_Designator_8
Change Component Designator: OldDesignator=R48_Designator5 NewDesignator=R48_Designator_4
Change Component Designator: OldDesignator=R48_Designator6 NewDesignator=R48_Designator_7
Change Component Designator: OldDesignator=R48_Designator7 NewDesignator=R48_Designator_3
Change Component Designator: OldDesignator=R48_Designator8 NewDesignator=R48_Designator_2
Change Component Designator: OldDesignator=R49_Designator1 NewDesignator=R49_Designator_1
Change Component Designator: OldDesignator=R49_Designator2 NewDesignator=R49_Designator_6
Change Component Designator: OldDesignator=R49_Designator3 NewDesignator=R49_Designator_5
Change Component Designator: OldDesignator=R49_Designator4 NewDesignator=R49_Designator_8
Change Component Designator: OldDesignator=R49_Designator5 NewDesignator=R49_Designator_4
Change Component Designator: OldDesignator=R49_Designator6 NewDesignator=R49_Designator_7
Change Component Designator: OldDesignator=R49_Designator7 NewDesignator=R49_Designator_3
Change Component Designator: OldDesignator=R49_Designator8 NewDesignator=R49_Designator_2
Change Component Designator: OldDesignator=R50_Designator1 NewDesignator=R50_Designator_1
Change Component Designator: OldDesignator=R50_Designator2 NewDesignator=R50_Designator_6
Change Component Designator: OldDesignator=R50_Designator3 NewDesignator=R50_Designator_5
Change Component Designator: OldDesignator=R50_Designator4 NewDesignator=R50_Designator_8
Change Component Designator: OldDesignator=R50_Designator5 NewDesignator=R50_Designator_4
Change Component Designator: OldDesignator=R50_Designator6 NewDesignator=R50_Designator_7
Change Component Designator: OldDesignator=R50_Designator7 NewDesignator=R50_Designator_3
Change Component Designator: OldDesignator=R50_Designator8 NewDesignator=R50_Designator_2
Change Net Name : Old Net Name=5Vcc_Designator1 New Net Name=5Vcc_Designator_1
Change Net Name : Old Net Name=5Vcc_Designator2 New Net Name=5Vcc_Designator_6
Change Net Name : Old Net Name=5Vcc_Designator3 New Net Name=5Vcc_Designator_5
Change Net Name : Old Net Name=5Vcc_Designator4 New Net Name=5Vcc_Designator_8
Change Net Name : Old Net Name=5Vcc_Designator5 New Net Name=5Vcc_Designator_4
Change Net Name : Old Net Name=5Vcc_Designator6 New Net Name=5Vcc_Designator_7
Change Net Name : Old Net Name=5Vcc_Designator7 New Net Name=5Vcc_Designator_3
Change Net Name : Old Net Name=5Vcc_Designator8 New Net Name=5Vcc_Designator_2
Change Net Name : Old Net Name=NetLED5_Designator1_1 New Net Name=NetLED5_Designator_1_1
Change Net Name : Old Net Name=NetLED5_Designator1_2 New Net Name=NetLED5_Designator_1_2
Change Net Name : Old Net Name=NetLED5_Designator2_1 New Net Name=NetLED5_Designator_6_1
Change Net Name : Old Net Name=NetLED5_Designator2_2 New Net Name=NetLED5_Designator_6_2
Change Net Name : Old Net Name=NetLED5_Designator3_1 New Net Name=NetLED5_Designator_5_1
Change Net Name : Old Net Name=NetLED5_Designator3_2 New Net Name=NetLED5_Designator_5_2
Change Net Name : Old Net Name=NetLED5_Designator4_1 New Net Name=NetLED5_Designator_8_1
Change Net Name : Old Net Name=NetLED5_Designator4_2 New Net Name=NetLED5_Designator_8_2
Change Net Name : Old Net Name=NetLED5_Designator5_1 New Net Name=NetLED5_Designator_4_1
Change Net Name : Old Net Name=NetLED5_Designator5_2 New Net Name=NetLED5_Designator_4_2
Change Net Name : Old Net Name=NetLED5_Designator6_1 New Net Name=NetLED5_Designator_7_1
Change Net Name : Old Net Name=NetLED5_Designator6_2 New Net Name=NetLED5_Designator_7_2
Change Net Name : Old Net Name=NetLED5_Designator7_1 New Net Name=NetLED5_Designator_3_1
Change Net Name : Old Net Name=NetLED5_Designator7_2 New Net Name=NetLED5_Designator_3_2
Change Net Name : Old Net Name=NetLED5_Designator8_1 New Net Name=NetLED5_Designator_2_1
Change Net Name : Old Net Name=NetLED5_Designator8_2 New Net Name=NetLED5_Designator_2_2
Change Net Name : Old Net Name=NetQ8_Designator1_B New Net Name=NetQ8_Designator_1_B
Change Net Name : Old Net Name=NetQ8_Designator2_B New Net Name=NetQ8_Designator_6_B
Change Net Name : Old Net Name=NetQ8_Designator3_B New Net Name=NetQ8_Designator_5_B
Change Net Name : Old Net Name=NetQ8_Designator4_B New Net Name=NetQ8_Designator_8_B
Change Net Name : Old Net Name=NetQ8_Designator5_B New Net Name=NetQ8_Designator_4_B
Change Net Name : Old Net Name=NetQ8_Designator6_B New Net Name=NetQ8_Designator_7_B
Change Net Name : Old Net Name=NetQ8_Designator7_B New Net Name=NetQ8_Designator_3_B
Change Net Name : Old Net Name=NetQ8_Designator8_B New Net Name=NetQ8_Designator_2_B
Change Net Name : Old Net Name=Pulse_Designator1 New Net Name=Pulse_Designator_1
Change Net Name : Old Net Name=Pulse_Designator2 New Net Name=Pulse_Designator_6
Change Net Name : Old Net Name=Pulse_Designator3 New Net Name=Pulse_Designator_5
Change Net Name : Old Net Name=Pulse_Designator4 New Net Name=Pulse_Designator_8
Change Net Name : Old Net Name=Pulse_Designator5 New Net Name=Pulse_Designator_4
Change Net Name : Old Net Name=Pulse_Designator6 New Net Name=Pulse_Designator_7
Change Net Name : Old Net Name=Pulse_Designator7 New Net Name=Pulse_Designator_3
Change Net Name : Old Net Name=Pulse_Designator8 New Net Name=Pulse_Designator_2
Change Class Name : Old Net Name=Designator1 New Net Name=Designator_1
Change Class Name : Old Net Name=Designator2 New Net Name=Designator_6
Change Class Name : Old Net Name=Designator3 New Net Name=Designator_5
Change Class Name : Old Net Name=Designator4 New Net Name=Designator_8
Change Class Name : Old Net Name=Designator5 New Net Name=Designator_4
Change Class Name : Old Net Name=Designator6 New Net Name=Designator_7
Change Class Name : Old Net Name=Designator7 New Net Name=Designator_3
Change Class Name : Old Net Name=Designator8 New Net Name=Designator_2
Change Room Name: Old Name=Designator6 New Name=Designator_6
Change Room Scope: Old Scope=InComponentClass('Designator6') New Scope=InComponentClass('Designator_6')
Added Room: Name=Designator_1
Added Room: Name=Designator_2
Added Room: Name=Designator_3
Added Room: Name=Designator_4
Added Room: Name=Designator_5
Added Room: Name=Designator_7
Added Room: Name=Designator_8
