Added Component: Designator=U?(MODULE_ESP32-DEVKITV1)
Add component (AddParameter): Name = "Availability"; Value = "Unavailable"; VariantName = "[No Variations]"
Add component (AddParameter): Name = "MF"; Value = "Espressif Systems"; VariantName = "[No Variations]"
Add component (AddParameter): Name = "MP"; Value = "ESP32-DEVKITC-32D"; VariantName = "[No Variations]"
Add component (AddParameter): Name = "Package"; Value = "None"; VariantName = "[No Variations]"
Add component (AddParameter): Name = "Price"; Value = "None"; VariantName = "[No Variations]"
Add component (AddParameter): Name = "SnapEDA_Link"; Value = "https://www.snapeda.com/parts/ESP32-DEVKITC-32D/Espressif%20Systems/view-part/?ref=snap"; VariantName = "[No Variations]"
Add component (AddParameter): Name = "Value"; Value = ""; VariantName = "[No Variations]"
Added Pin To Net: NetName=GND Pin=NodeMCU?-2
Added Pin To Net: NetName=GND Pin=NodeMCU?-9
Added Pin To Net: NetName=GND Pin=NodeMCU?-25
Added Pin To Net: NetName=GND Pin=NodeMCU?-29
Added Net: Name=GND
Added Pin To Net: NetName=PWM_L Pin=NodeMCU?-7
Added Net: Name=PWM_L
Added Pin To Net: NetName=PWM_R Pin=NodeMCU?-8
Added Net: Name=PWM_R
Added Pin To Net: NetName=SCL Pin=NodeMCU?-14
Added Net: Name=SCL
Added Pin To Net: NetName=SDA Pin=NodeMCU?-13
Added Net: Name=SDA
Added Member To Class: ClassName=Sheet_1_Main_bord Member=Component U? ESP32-DEVKITC-32D
Added Room: Name=Sheet_1_Main_bord
