Added Pin To Net: NetName=Pwm_L Pin=*-23
Added Pin To Net: NetName=Pwm_L Pin=U5-10
Added Net: Name=Pwm_L
Added Pin To Net: NetName=Pwm_R Pin=*-15
Added Pin To Net: NetName=Pwm_R Pin=U7-10
Added Net: Name=Pwm_R
Added Pin To Net: NetName=Scl Pin=D5-1
Added Pin To Net: NetName=Scl Pin=P1-3
Added Pin To Net: NetName=Scl Pin=P2-4
Added Pin To Net: NetName=Scl Pin=R22-2
Added Pin To Net: NetName=Scl Pin=U3-14
Added Pin To Net: NetName=Scl Pin=U4-6
Added Net: Name=Scl
Added Pin To Net: NetName=Sda Pin=D5-2
Added Pin To Net: NetName=Sda Pin=P1-4
Added Pin To Net: NetName=Sda Pin=P2-3
Added Pin To Net: NetName=Sda Pin=R23-2
Added Pin To Net: NetName=Sda Pin=U3-11
Added Pin To Net: NetName=Sda Pin=U4-5
Added Net: Name=Sda
