Change Component Designator: OldDesignator=C23_Designator_1 NewDesignator=C23_S1
Change Component Designator: OldDesignator=C23_Designator_2 NewDesignator=C23_S2
Change Component Designator: OldDesignator=C23_Designator_3 NewDesignator=C23_S3
Change Component Designator: OldDesignator=C23_Designator_4 NewDesignator=C23_S4
Change Component Designator: OldDesignator=C23_Designator_5 NewDesignator=C23_S5
Change Component Designator: OldDesignator=C23_Designator_6 NewDesignator=C23_S6
Change Component Designator: OldDesignator=C23_Designator_7 NewDesignator=C23_S7
Change Component Designator: OldDesignator=C23_Designator_8 NewDesignator=C23_S8
Change Component Designator: OldDesignator=C24_Designator_1 NewDesignator=C24_S1
Change Component Designator: OldDesignator=C24_Designator_2 NewDesignator=C24_S2
Change Component Designator: OldDesignator=C24_Designator_3 NewDesignator=C24_S3
Change Component Designator: OldDesignator=C24_Designator_4 NewDesignator=C24_S4
Change Component Designator: OldDesignator=C24_Designator_5 NewDesignator=C24_S5
Change Component Designator: OldDesignator=C24_Designator_6 NewDesignator=C24_S6
Change Component Designator: OldDesignator=C24_Designator_7 NewDesignator=C24_S7
Change Component Designator: OldDesignator=C24_Designator_8 NewDesignator=C24_S8
Change Component Designator: OldDesignator=LED5_Designator_1 NewDesignator=LED5_S1
Change Component Designator: OldDesignator=LED5_Designator_2 NewDesignator=LED5_S2
Change Component Designator: OldDesignator=LED5_Designator_3 NewDesignator=LED5_S3
Change Component Designator: OldDesignator=LED5_Designator_4 NewDesignator=LED5_S4
Change Component Designator: OldDesignator=LED5_Designator_5 NewDesignator=LED5_S5
Change Component Designator: OldDesignator=LED5_Designator_6 NewDesignator=LED5_S6
Change Component Designator: OldDesignator=LED5_Designator_7 NewDesignator=LED5_S7
Change Component Designator: OldDesignator=LED5_Designator_8 NewDesignator=LED5_S8
Change Component Designator: OldDesignator=P4_Designator_1 NewDesignator=P4_S1
Change Component Designator: OldDesignator=P4_Designator_2 NewDesignator=P4_S2
Change Component Designator: OldDesignator=P4_Designator_3 NewDesignator=P4_S3
Change Component Designator: OldDesignator=P4_Designator_4 NewDesignator=P4_S4
Change Component Designator: OldDesignator=P4_Designator_5 NewDesignator=P4_S5
Change Component Designator: OldDesignator=P4_Designator_6 NewDesignator=P4_S6
Change Component Designator: OldDesignator=P4_Designator_7 NewDesignator=P4_S7
Change Component Designator: OldDesignator=P4_Designator_8 NewDesignator=P4_S8
Change Component Designator: OldDesignator=Q8_Designator_1 NewDesignator=Q8_S1
Change Component Designator: OldDesignator=Q8_Designator_2 NewDesignator=Q8_S2
Change Component Designator: OldDesignator=Q8_Designator_3 NewDesignator=Q8_S3
Change Component Designator: OldDesignator=Q8_Designator_4 NewDesignator=Q8_S4
Change Component Designator: OldDesignator=Q8_Designator_5 NewDesignator=Q8_S5
Change Component Designator: OldDesignator=Q8_Designator_6 NewDesignator=Q8_S6
Change Component Designator: OldDesignator=Q8_Designator_7 NewDesignator=Q8_S7
Change Component Designator: OldDesignator=Q8_Designator_8 NewDesignator=Q8_S8
Change Component Designator: OldDesignator=R48_Designator_1 NewDesignator=R48_S1
Change Component Designator: OldDesignator=R48_Designator_2 NewDesignator=R48_S2
Change Component Designator: OldDesignator=R48_Designator_3 NewDesignator=R48_S3
Change Component Designator: OldDesignator=R48_Designator_4 NewDesignator=R48_S4
Change Component Designator: OldDesignator=R48_Designator_5 NewDesignator=R48_S5
Change Component Designator: OldDesignator=R48_Designator_6 NewDesignator=R48_S6
Change Component Designator: OldDesignator=R48_Designator_7 NewDesignator=R48_S7
Change Component Designator: OldDesignator=R48_Designator_8 NewDesignator=R48_S8
Change Component Designator: OldDesignator=R49_Designator_1 NewDesignator=R49_S1
Change Component Designator: OldDesignator=R49_Designator_2 NewDesignator=R49_S2
Change Component Designator: OldDesignator=R49_Designator_3 NewDesignator=R49_S3
Change Component Designator: OldDesignator=R49_Designator_4 NewDesignator=R49_S4
Change Component Designator: OldDesignator=R49_Designator_5 NewDesignator=R49_S5
Change Component Designator: OldDesignator=R49_Designator_6 NewDesignator=R49_S6
Change Component Designator: OldDesignator=R49_Designator_7 NewDesignator=R49_S7
Change Component Designator: OldDesignator=R49_Designator_8 NewDesignator=R49_S8
Change Component Designator: OldDesignator=R50_Designator_1 NewDesignator=R50_S1
Change Component Designator: OldDesignator=R50_Designator_2 NewDesignator=R50_S2
Change Component Designator: OldDesignator=R50_Designator_3 NewDesignator=R50_S3
Change Component Designator: OldDesignator=R50_Designator_4 NewDesignator=R50_S4
Change Component Designator: OldDesignator=R50_Designator_5 NewDesignator=R50_S5
Change Component Designator: OldDesignator=R50_Designator_6 NewDesignator=R50_S6
Change Component Designator: OldDesignator=R50_Designator_7 NewDesignator=R50_S7
Change Component Designator: OldDesignator=R50_Designator_8 NewDesignator=R50_S8
Change Net Name : Old Net Name=5Vcc_Designator_1 New Net Name=5Vcc_S1
Change Net Name : Old Net Name=5Vcc_Designator_2 New Net Name=5Vcc_S2
Change Net Name : Old Net Name=5Vcc_Designator_3 New Net Name=5Vcc_S3
Change Net Name : Old Net Name=5Vcc_Designator_4 New Net Name=5Vcc_S4
Change Net Name : Old Net Name=5Vcc_Designator_5 New Net Name=5Vcc_S5
Change Net Name : Old Net Name=5Vcc_Designator_6 New Net Name=5Vcc_S6
Change Net Name : Old Net Name=5Vcc_Designator_7 New Net Name=5Vcc_S7
Change Net Name : Old Net Name=5Vcc_Designator_8 New Net Name=5Vcc_S8
Change Net Name : Old Net Name=GND_Designator_1 New Net Name=GND_S1
Change Net Name : Old Net Name=NetLED5_Designator_1_1 New Net Name=NetLED5_S1_1
Change Net Name : Old Net Name=NetLED5_Designator_1_2 New Net Name=NetLED5_S1_2
Change Net Name : Old Net Name=NetLED5_Designator_2_1 New Net Name=NetLED5_S2_1
Change Net Name : Old Net Name=NetLED5_Designator_2_2 New Net Name=NetLED5_S2_2
Change Net Name : Old Net Name=NetLED5_Designator_3_1 New Net Name=NetLED5_S3_1
Change Net Name : Old Net Name=NetLED5_Designator_3_2 New Net Name=NetLED5_S3_2
Change Net Name : Old Net Name=NetLED5_Designator_4_1 New Net Name=NetLED5_S4_1
Change Net Name : Old Net Name=NetLED5_Designator_4_2 New Net Name=NetLED5_S4_2
Change Net Name : Old Net Name=NetLED5_Designator_5_1 New Net Name=NetLED5_S5_1
Change Net Name : Old Net Name=NetLED5_Designator_5_2 New Net Name=NetLED5_S5_2
Change Net Name : Old Net Name=NetLED5_Designator_6_1 New Net Name=NetLED5_S6_1
Change Net Name : Old Net Name=NetLED5_Designator_6_2 New Net Name=NetLED5_S6_2
Change Net Name : Old Net Name=NetLED5_Designator_7_1 New Net Name=NetLED5_S7_1
Change Net Name : Old Net Name=NetLED5_Designator_7_2 New Net Name=NetLED5_S7_2
Change Net Name : Old Net Name=NetLED5_Designator_8_1 New Net Name=NetLED5_S8_1
Change Net Name : Old Net Name=NetLED5_Designator_8_2 New Net Name=NetLED5_S8_2
Change Net Name : Old Net Name=NetQ8_Designator_1_B New Net Name=NetQ8_S1_B
Change Net Name : Old Net Name=NetQ8_Designator_2_B New Net Name=NetQ8_S2_B
Change Net Name : Old Net Name=NetQ8_Designator_3_B New Net Name=NetQ8_S3_B
Change Net Name : Old Net Name=NetQ8_Designator_4_B New Net Name=NetQ8_S4_B
Change Net Name : Old Net Name=NetQ8_Designator_5_B New Net Name=NetQ8_S5_B
Change Net Name : Old Net Name=NetQ8_Designator_6_B New Net Name=NetQ8_S6_B
Change Net Name : Old Net Name=NetQ8_Designator_7_B New Net Name=NetQ8_S7_B
Change Net Name : Old Net Name=NetQ8_Designator_8_B New Net Name=NetQ8_S8_B
Change Net Name : Old Net Name=Pulse_Designator_1 New Net Name=Pulse_S1
Change Net Name : Old Net Name=Pulse_Designator_2 New Net Name=Pulse_S2
Change Net Name : Old Net Name=Pulse_Designator_3 New Net Name=Pulse_S3
Change Net Name : Old Net Name=Pulse_Designator_4 New Net Name=Pulse_S4
Change Net Name : Old Net Name=Pulse_Designator_5 New Net Name=Pulse_S5
Change Net Name : Old Net Name=Pulse_Designator_6 New Net Name=Pulse_S6
Change Net Name : Old Net Name=Pulse_Designator_7 New Net Name=Pulse_S7
Change Net Name : Old Net Name=Pulse_Designator_8 New Net Name=Pulse_S8
Change Class Name : Old Net Name=Designator_1 New Net Name=S1
Change Class Name : Old Net Name=Designator_2 New Net Name=S2
Change Class Name : Old Net Name=Designator_3 New Net Name=S3
Change Class Name : Old Net Name=Designator_4 New Net Name=S4
Change Class Name : Old Net Name=Designator_5 New Net Name=S5
Change Class Name : Old Net Name=Designator_6 New Net Name=S6
Change Class Name : Old Net Name=Designator_7 New Net Name=S7
Change Class Name : Old Net Name=Designator_8 New Net Name=S8
