Added Pin To Net: NetName=GND_Designator_1 Pin=*-3
Added Pin To Net: NetName=GND_Designator_1 Pin=*-4
Added Pin To Net: NetName=GND_Designator_1 Pin=*-9
Added Pin To Net: NetName=GND_Designator_1 Pin=*-10
Added Pin To Net: NetName=GND_Designator_1 Pin=*-18
Added Pin To Net: NetName=GND_Designator_1 Pin=BT1-2
Added Pin To Net: NetName=GND_Designator_1 Pin=BT1-2
Added Pin To Net: NetName=GND_Designator_1 Pin=C1-2
Added Pin To Net: NetName=GND_Designator_1 Pin=C2-1
Added Pin To Net: NetName=GND_Designator_1 Pin=C3-1
Added Pin To Net: NetName=GND_Designator_1 Pin=C4-2
Added Pin To Net: NetName=GND_Designator_1 Pin=C5-2
Added Pin To Net: NetName=GND_Designator_1 Pin=C6--
Added Pin To Net: NetName=GND_Designator_1 Pin=C7-2
Added Pin To Net: NetName=GND_Designator_1 Pin=C9-2
Added Pin To Net: NetName=GND_Designator_1 Pin=C10-2
Added Pin To Net: NetName=GND_Designator_1 Pin=C11-2
Added Pin To Net: NetName=GND_Designator_1 Pin=C12-2
Added Pin To Net: NetName=GND_Designator_1 Pin=C13-1
Added Pin To Net: NetName=GND_Designator_1 Pin=C14-2
Added Pin To Net: NetName=GND_Designator_1 Pin=C15-2
Added Pin To Net: NetName=GND_Designator_1 Pin=C17-1
Added Pin To Net: NetName=GND_Designator_1 Pin=C18-2
Added Pin To Net: NetName=GND_Designator_1 Pin=C21-1
Added Pin To Net: NetName=GND_Designator_1 Pin=C22-2
Added Pin To Net: NetName=GND_Designator_1 Pin=C23_Designator_1-1
Added Pin To Net: NetName=GND_Designator_1 Pin=C23_Designator_2-1
Added Pin To Net: NetName=GND_Designator_1 Pin=C23_Designator_3-1
Added Pin To Net: NetName=GND_Designator_1 Pin=C23_Designator_4-1
Added Pin To Net: NetName=GND_Designator_1 Pin=C23_Designator_5-1
Added Pin To Net: NetName=GND_Designator_1 Pin=C23_Designator_6-1
Added Pin To Net: NetName=GND_Designator_1 Pin=C23_Designator_7-1
Added Pin To Net: NetName=GND_Designator_1 Pin=C23_Designator_8-1
Added Pin To Net: NetName=GND_Designator_1 Pin=C24_Designator_1-1
Added Pin To Net: NetName=GND_Designator_1 Pin=C24_Designator_2-1
Added Pin To Net: NetName=GND_Designator_1 Pin=C24_Designator_3-1
Added Pin To Net: NetName=GND_Designator_1 Pin=C24_Designator_4-1
Added Pin To Net: NetName=GND_Designator_1 Pin=C24_Designator_5-1
Added Pin To Net: NetName=GND_Designator_1 Pin=C24_Designator_6-1
Added Pin To Net: NetName=GND_Designator_1 Pin=C24_Designator_7-1
Added Pin To Net: NetName=GND_Designator_1 Pin=C24_Designator_8-1
Added Pin To Net: NetName=GND_Designator_1 Pin=D2-A
Added Pin To Net: NetName=GND_Designator_1 Pin=D3-A
Added Pin To Net: NetName=GND_Designator_1 Pin=D4-A
Added Pin To Net: NetName=GND_Designator_1 Pin=D5-3
Added Pin To Net: NetName=GND_Designator_1 Pin=IC1-4
Added Pin To Net: NetName=GND_Designator_1 Pin=LED-3.3V-K
Added Pin To Net: NetName=GND_Designator_1 Pin=LED-VCC-K
Added Pin To Net: NetName=GND_Designator_1 Pin=LED_5V-K
Added Pin To Net: NetName=GND_Designator_1 Pin=LED_-Charg-K
Added Pin To Net: NetName=GND_Designator_1 Pin=P1-1
Added Pin To Net: NetName=GND_Designator_1 Pin=P2-2
Added Pin To Net: NetName=GND_Designator_1 Pin=P3-1
Added Pin To Net: NetName=GND_Designator_1 Pin=P4_Designator_1-2
Added Pin To Net: NetName=GND_Designator_1 Pin=P4_Designator_2-2
Added Pin To Net: NetName=GND_Designator_1 Pin=P4_Designator_3-2
Added Pin To Net: NetName=GND_Designator_1 Pin=P4_Designator_4-2
Added Pin To Net: NetName=GND_Designator_1 Pin=P4_Designator_5-2
Added Pin To Net: NetName=GND_Designator_1 Pin=P4_Designator_6-2
Added Pin To Net: NetName=GND_Designator_1 Pin=P4_Designator_7-2
Added Pin To Net: NetName=GND_Designator_1 Pin=P4_Designator_8-2
Added Pin To Net: NetName=GND_Designator_1 Pin=Q1-E
Added Pin To Net: NetName=GND_Designator_1 Pin=Q2-E
Added Pin To Net: NetName=GND_Designator_1 Pin=Q3-E
Added Pin To Net: NetName=GND_Designator_1 Pin=Q4-E
Added Pin To Net: NetName=GND_Designator_1 Pin=Q8_Designator_1-E
Added Pin To Net: NetName=GND_Designator_1 Pin=Q8_Designator_2-E
Added Pin To Net: NetName=GND_Designator_1 Pin=Q8_Designator_3-E
Added Pin To Net: NetName=GND_Designator_1 Pin=Q8_Designator_4-E
Added Pin To Net: NetName=GND_Designator_1 Pin=Q8_Designator_5-E
Added Pin To Net: NetName=GND_Designator_1 Pin=Q8_Designator_6-E
Added Pin To Net: NetName=GND_Designator_1 Pin=Q8_Designator_7-E
Added Pin To Net: NetName=GND_Designator_1 Pin=Q8_Designator_8-E
Added Pin To Net: NetName=GND_Designator_1 Pin=R5-2
Added Pin To Net: NetName=GND_Designator_1 Pin=R16-2
Added Pin To Net: NetName=GND_Designator_1 Pin=R17-2
Added Pin To Net: NetName=GND_Designator_1 Pin=R18-2
Added Pin To Net: NetName=GND_Designator_1 Pin=R19-2
Added Pin To Net: NetName=GND_Designator_1 Pin=R20-2
Added Pin To Net: NetName=GND_Designator_1 Pin=R33-2
Added Pin To Net: NetName=GND_Designator_1 Pin=R34-2
Added Pin To Net: NetName=GND_Designator_1 Pin=R35-2
Added Pin To Net: NetName=GND_Designator_1 Pin=R38-2
Added Pin To Net: NetName=GND_Designator_1 Pin=R39-2
Added Pin To Net: NetName=GND_Designator_1 Pin=R40-2
Added Pin To Net: NetName=GND_Designator_1 Pin=R41-2
Added Pin To Net: NetName=GND_Designator_1 Pin=R42-1
Added Pin To Net: NetName=GND_Designator_1 Pin=R43-1
Added Pin To Net: NetName=GND_Designator_1 Pin=R44-1
Added Pin To Net: NetName=GND_Designator_1 Pin=R45-2
Added Pin To Net: NetName=GND_Designator_1 Pin=R46-1
Added Pin To Net: NetName=GND_Designator_1 Pin=R47-2
Added Pin To Net: NetName=GND_Designator_1 Pin=R50_Designator_1-2
Added Pin To Net: NetName=GND_Designator_1 Pin=R50_Designator_2-2
Added Pin To Net: NetName=GND_Designator_1 Pin=R50_Designator_3-2
Added Pin To Net: NetName=GND_Designator_1 Pin=R50_Designator_4-2
Added Pin To Net: NetName=GND_Designator_1 Pin=R50_Designator_5-2
Added Pin To Net: NetName=GND_Designator_1 Pin=R50_Designator_6-2
Added Pin To Net: NetName=GND_Designator_1 Pin=R50_Designator_7-2
Added Pin To Net: NetName=GND_Designator_1 Pin=R50_Designator_8-2
Added Pin To Net: NetName=GND_Designator_1 Pin=S2-1
Added Pin To Net: NetName=GND_Designator_1 Pin=S2-1
Added Pin To Net: NetName=GND_Designator_1 Pin=S3-1
Added Pin To Net: NetName=GND_Designator_1 Pin=S3-1
Added Pin To Net: NetName=GND_Designator_1 Pin=S4-1
Added Pin To Net: NetName=GND_Designator_1 Pin=S4-1
Added Pin To Net: NetName=GND_Designator_1 Pin=U1-2
Added Pin To Net: NetName=GND_Designator_1 Pin=U1-3
Added Pin To Net: NetName=GND_Designator_1 Pin=U1-6
Added Pin To Net: NetName=GND_Designator_1 Pin=U1-7
Added Pin To Net: NetName=GND_Designator_1 Pin=U1-7
Added Pin To Net: NetName=GND_Designator_1 Pin=U2-1
Added Pin To Net: NetName=GND_Designator_1 Pin=U3-2
Added Pin To Net: NetName=GND_Designator_1 Pin=U3-29
Added Pin To Net: NetName=GND_Designator_1 Pin=U4-4
Added Pin To Net: NetName=GND_Designator_1 Pin=U5-7
Added Pin To Net: NetName=GND_Designator_1 Pin=U6-12
Added Pin To Net: NetName=GND_Designator_1 Pin=U6-15
Added Pin To Net: NetName=GND_Designator_1 Pin=U7-7
Added Net: Name=GND_Designator_1
